mode: set
avito-tech-merch/cmd/merch-store/main.go:32.13,38.16 4 0
avito-tech-merch/cmd/merch-store/main.go:38.16,39.13 1 0
avito-tech-merch/cmd/merch-store/main.go:42.2,47.37 4 0
avito-tech-merch/cmd/merch-store/main.go:47.37,51.3 1 0
avito-tech-merch/cmd/merch-store/main.go:53.2,61.53 4 0
avito-tech-merch/cmd/merch-store/main.go:61.53,66.3 2 0
avito-tech-merch/cmd/merch-store/main.go:68.2,68.44 1 0
avito-tech-merch/docs/docs.go:549.13,551.2 1 0
avito-tech-merch/internal/config/config.go:17.62,19.16 2 0
avito-tech-merch/internal/config/config.go:19.16,21.3 1 0
avito-tech-merch/internal/config/config.go:23.2,28.16 5 0
avito-tech-merch/internal/config/config.go:28.16,30.3 1 0
avito-tech-merch/internal/config/config.go:32.2,42.16 9 0
avito-tech-merch/internal/config/config.go:42.16,44.3 1 0
avito-tech-merch/internal/config/config.go:46.2,46.21 1 0
avito-tech-merch/internal/config/storage.go:43.88,48.16 4 0
avito-tech-merch/internal/config/storage.go:48.16,50.3 1 0
avito-tech-merch/internal/config/storage.go:52.2,59.16 7 0
avito-tech-merch/internal/config/storage.go:59.16,61.3 1 0
avito-tech-merch/internal/config/storage.go:63.2,64.39 2 0
avito-tech-merch/internal/config/storage.go:64.39,65.57 1 0
avito-tech-merch/internal/config/storage.go:65.57,66.9 1 0
avito-tech-merch/internal/config/storage.go:68.3,74.4 3 0
avito-tech-merch/internal/config/storage.go:77.2,77.39 1 0
avito-tech-merch/internal/config/storage.go:77.39,79.3 1 0
avito-tech-merch/internal/config/storage.go:81.2,81.18 1 0
avito-tech-merch/internal/config/storage.go:84.41,89.2 1 0
avito-tech-merch/internal/app/closer.go:17.26,19.2 1 0
avito-tech-merch/internal/app/closer.go:21.30,25.2 3 0
avito-tech-merch/internal/app/closer.go:27.51,39.41 4 0
avito-tech-merch/internal/app/closer.go:39.41,41.19 2 0
avito-tech-merch/internal/app/closer.go:41.19,43.33 2 0
avito-tech-merch/internal/app/closer.go:43.33,45.5 1 0
avito-tech-merch/internal/app/closer.go:49.2,49.12 1 0
avito-tech-merch/internal/app/closer.go:49.12,53.3 3 0
avito-tech-merch/internal/app/closer.go:55.2,55.9 1 0
avito-tech-merch/internal/app/closer.go:56.14,57.8 1 0
avito-tech-merch/internal/app/closer.go:58.20,59.55 1 0
avito-tech-merch/internal/app/closer.go:62.2,62.27 1 0
avito-tech-merch/internal/app/closer.go:62.27,64.3 1 0
avito-tech-merch/internal/app/closer.go:66.2,66.19 1 0
avito-tech-merch/internal/app/closer.go:66.19,71.3 1 0
avito-tech-merch/internal/app/closer.go:73.2,73.12 1 0
avito-tech-merch/internal/app/routes.go:12.101,16.2 3 0
avito-tech-merch/internal/app/routes.go:16.2,23.3 5 0
avito-tech-merch/internal/app/routes.go:23.3,28.4 4 0
avito-tech-merch/internal/app/routes.go:30.2,30.75 1 0
avito-tech-merch/internal/app/server.go:28.63,32.16 3 0
avito-tech-merch/internal/app/server.go:32.16,35.3 1 0
avito-tech-merch/internal/app/server.go:36.2,36.40 1 0
avito-tech-merch/internal/app/server.go:36.40,40.3 3 0
avito-tech-merch/internal/app/server.go:42.2,83.3 23 0
avito-tech-merch/internal/app/server.go:86.30,87.47 1 0
avito-tech-merch/internal/app/server.go:87.47,90.3 2 0
avito-tech-merch/internal/app/server.go:92.2,92.12 1 0
avito-tech-merch/internal/app/server.go:92.12,95.96 2 0
avito-tech-merch/internal/app/server.go:95.96,98.4 1 0
avito-tech-merch/internal/app/server.go:101.2,101.12 1 0
avito-tech-merch/internal/app/server.go:104.54,106.2 1 0
avito-tech-merch/internal/controller/http/middleware/jwt_auth_middleware.go:10.73,11.30 1 0
avito-tech-merch/internal/controller/http/middleware/jwt_auth_middleware.go:11.30,13.18 2 0
avito-tech-merch/internal/controller/http/middleware/jwt_auth_middleware.go:13.18,17.4 3 0
avito-tech-merch/internal/controller/http/middleware/jwt_auth_middleware.go:19.3,22.17 3 0
avito-tech-merch/internal/controller/http/middleware/jwt_auth_middleware.go:22.17,26.4 3 0
avito-tech-merch/internal/controller/http/middleware/jwt_auth_middleware.go:28.3,29.11 2 0
avito-tech-merch/internal/storage/db/repository.go:64.14,72.2 1 0
avito-tech-merch/internal/service/mock/Service.go:18.87,21.19 2 0
avito-tech-merch/internal/service/mock/Service.go:21.19,22.49 1 0
avito-tech-merch/internal/service/mock/Service.go:25.2,27.85 3 0
avito-tech-merch/internal/service/mock/Service.go:27.85,29.3 1 0
avito-tech-merch/internal/service/mock/Service.go:30.2,30.76 1 0
avito-tech-merch/internal/service/mock/Service.go:30.76,32.3 1 0
avito-tech-merch/internal/service/mock/Service.go:32.8,33.24 1 0
avito-tech-merch/internal/service/mock/Service.go:33.24,35.4 1 0
avito-tech-merch/internal/service/mock/Service.go:38.2,38.65 1 0
avito-tech-merch/internal/service/mock/Service.go:38.65,40.3 1 0
avito-tech-merch/internal/service/mock/Service.go:40.8,42.3 1 0
avito-tech-merch/internal/service/mock/Service.go:44.2,44.15 1 0
avito-tech-merch/internal/service/mock/Service.go:48.86,51.19 2 0
avito-tech-merch/internal/service/mock/Service.go:51.19,52.50 1 0
avito-tech-merch/internal/service/mock/Service.go:55.2,57.82 3 0
avito-tech-merch/internal/service/mock/Service.go:57.82,59.3 1 0
avito-tech-merch/internal/service/mock/Service.go:60.2,60.73 1 0
avito-tech-merch/internal/service/mock/Service.go:60.73,62.3 1 0
avito-tech-merch/internal/service/mock/Service.go:62.8,63.24 1 0
avito-tech-merch/internal/service/mock/Service.go:63.24,65.4 1 0
avito-tech-merch/internal/service/mock/Service.go:68.2,68.65 1 0
avito-tech-merch/internal/service/mock/Service.go:68.65,70.3 1 0
avito-tech-merch/internal/service/mock/Service.go:70.8,72.3 1 0
avito-tech-merch/internal/service/mock/Service.go:74.2,74.15 1 0
avito-tech-merch/internal/service/mock/Service.go:78.76,81.19 2 0
avito-tech-merch/internal/service/mock/Service.go:81.19,82.51 1 0
avito-tech-merch/internal/service/mock/Service.go:85.2,87.79 3 0
avito-tech-merch/internal/service/mock/Service.go:87.79,89.3 1 0
avito-tech-merch/internal/service/mock/Service.go:90.2,90.70 1 0
avito-tech-merch/internal/service/mock/Service.go:90.70,92.3 1 0
avito-tech-merch/internal/service/mock/Service.go:92.8,93.24 1 0
avito-tech-merch/internal/service/mock/Service.go:93.24,95.4 1 0
avito-tech-merch/internal/service/mock/Service.go:98.2,98.60 1 0
avito-tech-merch/internal/service/mock/Service.go:98.60,100.3 1 0
avito-tech-merch/internal/service/mock/Service.go:100.8,102.3 1 0
avito-tech-merch/internal/service/mock/Service.go:104.2,104.15 1 0
avito-tech-merch/internal/service/mock/Service.go:108.97,111.19 2 0
avito-tech-merch/internal/service/mock/Service.go:111.19,112.47 1 0
avito-tech-merch/internal/service/mock/Service.go:115.2,117.86 3 0
avito-tech-merch/internal/service/mock/Service.go:117.86,119.3 1 0
avito-tech-merch/internal/service/mock/Service.go:120.2,120.77 1 0
avito-tech-merch/internal/service/mock/Service.go:120.77,122.3 1 0
avito-tech-merch/internal/service/mock/Service.go:122.8,124.3 1 0
avito-tech-merch/internal/service/mock/Service.go:126.2,126.76 1 0
avito-tech-merch/internal/service/mock/Service.go:126.76,128.3 1 0
avito-tech-merch/internal/service/mock/Service.go:128.8,130.3 1 0
avito-tech-merch/internal/service/mock/Service.go:132.2,132.15 1 0
avito-tech-merch/internal/service/mock/Service.go:136.91,139.19 2 0
avito-tech-merch/internal/service/mock/Service.go:139.19,140.55 1 0
avito-tech-merch/internal/service/mock/Service.go:143.2,144.73 2 0
avito-tech-merch/internal/service/mock/Service.go:144.73,146.3 1 0
avito-tech-merch/internal/service/mock/Service.go:146.8,148.3 1 0
avito-tech-merch/internal/service/mock/Service.go:150.2,150.11 1 0
avito-tech-merch/internal/service/mock/Service.go:154.100,157.19 2 0
avito-tech-merch/internal/service/mock/Service.go:157.19,158.50 1 0
avito-tech-merch/internal/service/mock/Service.go:161.2,163.86 3 0
avito-tech-merch/internal/service/mock/Service.go:163.86,165.3 1 0
avito-tech-merch/internal/service/mock/Service.go:166.2,166.77 1 0
avito-tech-merch/internal/service/mock/Service.go:166.77,168.3 1 0
avito-tech-merch/internal/service/mock/Service.go:168.8,170.3 1 0
avito-tech-merch/internal/service/mock/Service.go:172.2,172.76 1 0
avito-tech-merch/internal/service/mock/Service.go:172.76,174.3 1 0
avito-tech-merch/internal/service/mock/Service.go:174.8,176.3 1 0
avito-tech-merch/internal/service/mock/Service.go:178.2,178.15 1 0
avito-tech-merch/internal/service/mock/Service.go:182.103,185.19 2 0
avito-tech-merch/internal/service/mock/Service.go:185.19,186.55 1 0
avito-tech-merch/internal/service/mock/Service.go:189.2,190.75 2 0
avito-tech-merch/internal/service/mock/Service.go:190.75,192.3 1 0
avito-tech-merch/internal/service/mock/Service.go:192.8,194.3 1 0
avito-tech-merch/internal/service/mock/Service.go:196.2,196.11 1 0
avito-tech-merch/internal/service/mock/Service.go:200.61,203.19 2 0
avito-tech-merch/internal/service/mock/Service.go:203.19,204.55 1 0
avito-tech-merch/internal/service/mock/Service.go:207.2,209.58 3 0
avito-tech-merch/internal/service/mock/Service.go:209.58,211.3 1 0
avito-tech-merch/internal/service/mock/Service.go:212.2,212.49 1 0
avito-tech-merch/internal/service/mock/Service.go:212.49,214.3 1 0
avito-tech-merch/internal/service/mock/Service.go:214.8,216.3 1 0
avito-tech-merch/internal/service/mock/Service.go:218.2,218.51 1 0
avito-tech-merch/internal/service/mock/Service.go:218.51,220.3 1 0
avito-tech-merch/internal/service/mock/Service.go:220.8,222.3 1 0
avito-tech-merch/internal/service/mock/Service.go:224.2,224.15 1 0
avito-tech-merch/internal/service/mock/Service.go:232.13,236.19 3 0
avito-tech-merch/internal/service/mock/Service.go:236.19,236.49 1 0
avito-tech-merch/internal/service/mock/Service.go:238.2,238.13 1 0
avito-tech-merch/internal/storage/db/postgres/merch_repository.go:17.83,19.2 1 0
avito-tech-merch/internal/storage/db/postgres/merch_repository.go:21.93,28.16 3 0
avito-tech-merch/internal/storage/db/postgres/merch_repository.go:28.16,33.3 2 0
avito-tech-merch/internal/storage/db/postgres/merch_repository.go:34.2,37.18 3 0
avito-tech-merch/internal/storage/db/postgres/merch_repository.go:37.18,44.17 3 0
avito-tech-merch/internal/storage/db/postgres/merch_repository.go:44.17,49.4 2 0
avito-tech-merch/internal/storage/db/postgres/merch_repository.go:50.3,50.40 1 0
avito-tech-merch/internal/storage/db/postgres/merch_repository.go:53.2,53.35 1 0
avito-tech-merch/internal/storage/db/postgres/merch_repository.go:53.35,58.3 2 0
avito-tech-merch/internal/storage/db/postgres/merch_repository.go:60.2,60.23 1 0
avito-tech-merch/internal/storage/db/postgres/merch_repository.go:63.100,72.16 4 0
avito-tech-merch/internal/storage/db/postgres/merch_repository.go:72.16,78.3 2 0
avito-tech-merch/internal/storage/db/postgres/merch_repository.go:80.2,80.20 1 0
avito-tech-merch/internal/storage/db/postgres/merch_repository.go:83.112,96.16 4 0
avito-tech-merch/internal/storage/db/postgres/merch_repository.go:96.16,102.3 2 0
avito-tech-merch/internal/storage/db/postgres/merch_repository.go:104.2,104.20 1 0
avito-tech-merch/internal/storage/db/postgres/purchase_repository.go:17.89,19.2 1 0
avito-tech-merch/internal/storage/db/postgres/purchase_repository.go:21.114,30.16 4 0
avito-tech-merch/internal/storage/db/postgres/purchase_repository.go:30.16,37.3 2 0
avito-tech-merch/internal/storage/db/postgres/purchase_repository.go:39.2,39.24 1 0
avito-tech-merch/internal/storage/db/postgres/purchase_repository.go:42.119,50.16 3 0
avito-tech-merch/internal/storage/db/postgres/purchase_repository.go:50.16,56.3 2 0
avito-tech-merch/internal/storage/db/postgres/purchase_repository.go:57.2,60.18 3 0
avito-tech-merch/internal/storage/db/postgres/purchase_repository.go:60.18,68.17 3 0
avito-tech-merch/internal/storage/db/postgres/purchase_repository.go:68.17,73.4 2 0
avito-tech-merch/internal/storage/db/postgres/purchase_repository.go:74.3,74.43 1 0
avito-tech-merch/internal/storage/db/postgres/purchase_repository.go:77.2,77.35 1 0
avito-tech-merch/internal/storage/db/postgres/purchase_repository.go:77.35,82.3 2 0
avito-tech-merch/internal/storage/db/postgres/purchase_repository.go:84.2,84.23 1 0
avito-tech-merch/internal/storage/db/postgres/transaction_repository.go:17.95,19.2 1 0
avito-tech-merch/internal/storage/db/postgres/transaction_repository.go:21.126,30.16 4 0
avito-tech-merch/internal/storage/db/postgres/transaction_repository.go:30.16,37.3 2 0
avito-tech-merch/internal/storage/db/postgres/transaction_repository.go:39.2,39.27 1 0
avito-tech-merch/internal/storage/db/postgres/transaction_repository.go:42.128,50.16 3 0
avito-tech-merch/internal/storage/db/postgres/transaction_repository.go:50.16,56.3 2 0
avito-tech-merch/internal/storage/db/postgres/transaction_repository.go:57.2,60.18 3 0
avito-tech-merch/internal/storage/db/postgres/transaction_repository.go:60.18,69.17 3 0
avito-tech-merch/internal/storage/db/postgres/transaction_repository.go:69.17,74.4 2 0
avito-tech-merch/internal/storage/db/postgres/transaction_repository.go:75.3,75.52 1 0
avito-tech-merch/internal/storage/db/postgres/transaction_repository.go:78.2,78.35 1 0
avito-tech-merch/internal/storage/db/postgres/transaction_repository.go:78.35,83.3 2 0
avito-tech-merch/internal/storage/db/postgres/transaction_repository.go:85.2,85.26 1 0
avito-tech-merch/internal/storage/db/postgres/tx_manager.go:17.71,19.2 1 0
avito-tech-merch/internal/storage/db/postgres/tx_manager.go:21.74,23.16 2 0
avito-tech-merch/internal/storage/db/postgres/tx_manager.go:23.16,25.3 1 0
avito-tech-merch/internal/storage/db/postgres/tx_manager.go:26.2,26.16 1 0
avito-tech-merch/internal/storage/db/postgres/tx_manager.go:29.76,31.2 1 0
avito-tech-merch/internal/storage/db/postgres/tx_manager.go:33.78,35.2 1 0
avito-tech-merch/internal/storage/db/postgres/user_repository.go:18.81,20.2 1 0
avito-tech-merch/internal/storage/db/postgres/user_repository.go:22.98,33.16 5 0
avito-tech-merch/internal/storage/db/postgres/user_repository.go:33.16,39.3 2 0
avito-tech-merch/internal/storage/db/postgres/user_repository.go:41.2,41.20 1 0
avito-tech-merch/internal/storage/db/postgres/user_repository.go:44.101,59.16 4 0
avito-tech-merch/internal/storage/db/postgres/user_repository.go:59.16,65.3 2 0
avito-tech-merch/internal/storage/db/postgres/user_repository.go:67.2,67.19 1 0
avito-tech-merch/internal/storage/db/postgres/user_repository.go:70.112,85.16 4 0
avito-tech-merch/internal/storage/db/postgres/user_repository.go:85.16,91.3 2 0
avito-tech-merch/internal/storage/db/postgres/user_repository.go:93.2,93.19 1 0
avito-tech-merch/internal/storage/db/postgres/user_repository.go:96.95,105.16 4 0
avito-tech-merch/internal/storage/db/postgres/user_repository.go:105.16,110.3 2 0
avito-tech-merch/internal/storage/db/postgres/user_repository.go:112.2,112.21 1 0
avito-tech-merch/internal/storage/db/postgres/user_repository.go:115.102,124.16 4 0
avito-tech-merch/internal/storage/db/postgres/user_repository.go:124.16,129.3 2 0
avito-tech-merch/internal/storage/db/postgres/user_repository.go:131.2,131.21 1 0
avito-tech-merch/internal/storage/db/postgres/user_repository.go:134.103,142.16 3 0
avito-tech-merch/internal/storage/db/postgres/user_repository.go:142.16,149.3 2 0
avito-tech-merch/internal/storage/db/postgres/user_repository.go:151.2,151.32 1 0
avito-tech-merch/internal/storage/db/postgres/user_repository.go:151.32,156.3 2 0
avito-tech-merch/internal/storage/db/postgres/user_repository.go:158.2,158.12 1 0
avito-tech-merch/internal/storage/db/postgres/user_repository.go:161.91,168.16 3 0
avito-tech-merch/internal/storage/db/postgres/user_repository.go:168.16,173.3 2 0
avito-tech-merch/internal/storage/db/postgres/user_repository.go:174.2,177.18 3 0
avito-tech-merch/internal/storage/db/postgres/user_repository.go:177.18,186.17 3 0
avito-tech-merch/internal/storage/db/postgres/user_repository.go:186.17,191.4 2 0
avito-tech-merch/internal/storage/db/postgres/user_repository.go:192.3,192.31 1 0
avito-tech-merch/internal/storage/db/postgres/user_repository.go:195.2,195.35 1 0
avito-tech-merch/internal/storage/db/postgres/user_repository.go:195.35,200.3 2 0
avito-tech-merch/internal/storage/db/postgres/user_repository.go:202.2,202.19 1 0
avito-tech-merch/internal/storage/db/postgres/user_repository.go:205.91,213.16 3 0
avito-tech-merch/internal/storage/db/postgres/user_repository.go:213.16,219.3 2 0
avito-tech-merch/internal/storage/db/postgres/user_repository.go:221.2,221.32 1 0
avito-tech-merch/internal/storage/db/postgres/user_repository.go:221.32,226.3 2 0
avito-tech-merch/internal/storage/db/postgres/user_repository.go:228.2,228.12 1 0
avito-tech-merch/internal/storage/db/mock/MerchRepository.go:19.86,22.19 2 0
avito-tech-merch/internal/storage/db/mock/MerchRepository.go:22.19,23.53 1 0
avito-tech-merch/internal/storage/db/mock/MerchRepository.go:26.2,28.79 3 0
avito-tech-merch/internal/storage/db/mock/MerchRepository.go:28.79,30.3 1 0
avito-tech-merch/internal/storage/db/mock/MerchRepository.go:31.2,31.70 1 0
avito-tech-merch/internal/storage/db/mock/MerchRepository.go:31.70,33.3 1 0
avito-tech-merch/internal/storage/db/mock/MerchRepository.go:33.8,34.24 1 0
avito-tech-merch/internal/storage/db/mock/MerchRepository.go:34.24,36.4 1 0
avito-tech-merch/internal/storage/db/mock/MerchRepository.go:39.2,39.60 1 0
avito-tech-merch/internal/storage/db/mock/MerchRepository.go:39.60,41.3 1 0
avito-tech-merch/internal/storage/db/mock/MerchRepository.go:41.8,43.3 1 0
avito-tech-merch/internal/storage/db/mock/MerchRepository.go:45.2,45.15 1 0
avito-tech-merch/internal/storage/db/mock/MerchRepository.go:49.93,52.19 2 0
avito-tech-merch/internal/storage/db/mock/MerchRepository.go:52.19,53.54 1 0
avito-tech-merch/internal/storage/db/mock/MerchRepository.go:56.2,58.82 3 0
avito-tech-merch/internal/storage/db/mock/MerchRepository.go:58.82,60.3 1 0
avito-tech-merch/internal/storage/db/mock/MerchRepository.go:61.2,61.73 1 0
avito-tech-merch/internal/storage/db/mock/MerchRepository.go:61.73,63.3 1 0
avito-tech-merch/internal/storage/db/mock/MerchRepository.go:63.8,64.24 1 0
avito-tech-merch/internal/storage/db/mock/MerchRepository.go:64.24,66.4 1 0
avito-tech-merch/internal/storage/db/mock/MerchRepository.go:69.2,69.65 1 0
avito-tech-merch/internal/storage/db/mock/MerchRepository.go:69.65,71.3 1 0
avito-tech-merch/internal/storage/db/mock/MerchRepository.go:71.8,73.3 1 0
avito-tech-merch/internal/storage/db/mock/MerchRepository.go:75.2,75.15 1 0
avito-tech-merch/internal/storage/db/mock/MerchRepository.go:79.105,82.19 2 0
avito-tech-merch/internal/storage/db/mock/MerchRepository.go:82.19,83.56 1 0
avito-tech-merch/internal/storage/db/mock/MerchRepository.go:86.2,88.85 3 0
avito-tech-merch/internal/storage/db/mock/MerchRepository.go:88.85,90.3 1 0
avito-tech-merch/internal/storage/db/mock/MerchRepository.go:91.2,91.76 1 0
avito-tech-merch/internal/storage/db/mock/MerchRepository.go:91.76,93.3 1 0
avito-tech-merch/internal/storage/db/mock/MerchRepository.go:93.8,94.24 1 0
avito-tech-merch/internal/storage/db/mock/MerchRepository.go:94.24,96.4 1 0
avito-tech-merch/internal/storage/db/mock/MerchRepository.go:99.2,99.68 1 0
avito-tech-merch/internal/storage/db/mock/MerchRepository.go:99.68,101.3 1 0
avito-tech-merch/internal/storage/db/mock/MerchRepository.go:101.8,103.3 1 0
avito-tech-merch/internal/storage/db/mock/MerchRepository.go:105.2,105.15 1 0
avito-tech-merch/internal/storage/db/mock/MerchRepository.go:113.21,117.19 3 0
avito-tech-merch/internal/storage/db/mock/MerchRepository.go:117.19,117.49 1 0
avito-tech-merch/internal/storage/db/mock/MerchRepository.go:119.2,119.13 1 0
avito-tech-merch/internal/storage/db/mock/PurchaseRepository.go:19.107,22.19 2 0
avito-tech-merch/internal/storage/db/mock/PurchaseRepository.go:22.19,23.56 1 0
avito-tech-merch/internal/storage/db/mock/PurchaseRepository.go:26.2,28.85 3 0
avito-tech-merch/internal/storage/db/mock/PurchaseRepository.go:28.85,30.3 1 0
avito-tech-merch/internal/storage/db/mock/PurchaseRepository.go:31.2,31.76 1 0
avito-tech-merch/internal/storage/db/mock/PurchaseRepository.go:31.76,33.3 1 0
avito-tech-merch/internal/storage/db/mock/PurchaseRepository.go:33.8,35.3 1 0
avito-tech-merch/internal/storage/db/mock/PurchaseRepository.go:37.2,37.78 1 0
avito-tech-merch/internal/storage/db/mock/PurchaseRepository.go:37.78,39.3 1 0
avito-tech-merch/internal/storage/db/mock/PurchaseRepository.go:39.8,41.3 1 0
avito-tech-merch/internal/storage/db/mock/PurchaseRepository.go:43.2,43.15 1 0
avito-tech-merch/internal/storage/db/mock/PurchaseRepository.go:47.112,50.19 2 0
avito-tech-merch/internal/storage/db/mock/PurchaseRepository.go:50.19,51.61 1 0
avito-tech-merch/internal/storage/db/mock/PurchaseRepository.go:54.2,56.87 3 0
avito-tech-merch/internal/storage/db/mock/PurchaseRepository.go:56.87,58.3 1 0
avito-tech-merch/internal/storage/db/mock/PurchaseRepository.go:59.2,59.78 1 0
avito-tech-merch/internal/storage/db/mock/PurchaseRepository.go:59.78,61.3 1 0
avito-tech-merch/internal/storage/db/mock/PurchaseRepository.go:61.8,62.24 1 0
avito-tech-merch/internal/storage/db/mock/PurchaseRepository.go:62.24,64.4 1 0
avito-tech-merch/internal/storage/db/mock/PurchaseRepository.go:67.2,67.65 1 0
avito-tech-merch/internal/storage/db/mock/PurchaseRepository.go:67.65,69.3 1 0
avito-tech-merch/internal/storage/db/mock/PurchaseRepository.go:69.8,71.3 1 0
avito-tech-merch/internal/storage/db/mock/PurchaseRepository.go:73.2,73.15 1 0
avito-tech-merch/internal/storage/db/mock/PurchaseRepository.go:81.24,85.19 3 0
avito-tech-merch/internal/storage/db/mock/PurchaseRepository.go:85.19,85.49 1 0
avito-tech-merch/internal/storage/db/mock/PurchaseRepository.go:87.2,87.13 1 0
avito-tech-merch/internal/storage/db/mock/Repository.go:21.68,24.19 2 0
avito-tech-merch/internal/storage/db/mock/Repository.go:24.19,25.49 1 0
avito-tech-merch/internal/storage/db/mock/Repository.go:28.2,30.70 3 0
avito-tech-merch/internal/storage/db/mock/Repository.go:30.70,32.3 1 0
avito-tech-merch/internal/storage/db/mock/Repository.go:33.2,33.61 1 0
avito-tech-merch/internal/storage/db/mock/Repository.go:33.61,35.3 1 0
avito-tech-merch/internal/storage/db/mock/Repository.go:35.8,36.24 1 0
avito-tech-merch/internal/storage/db/mock/Repository.go:36.24,38.4 1 0
avito-tech-merch/internal/storage/db/mock/Repository.go:41.2,41.60 1 0
avito-tech-merch/internal/storage/db/mock/Repository.go:41.60,43.3 1 0
avito-tech-merch/internal/storage/db/mock/Repository.go:43.8,45.3 1 0
avito-tech-merch/internal/storage/db/mock/Repository.go:47.2,47.15 1 0
avito-tech-merch/internal/storage/db/mock/Repository.go:51.70,54.19 2 0
avito-tech-merch/internal/storage/db/mock/Repository.go:54.19,55.50 1 0
avito-tech-merch/internal/storage/db/mock/Repository.go:58.2,59.68 2 0
avito-tech-merch/internal/storage/db/mock/Repository.go:59.68,61.3 1 0
avito-tech-merch/internal/storage/db/mock/Repository.go:61.8,63.3 1 0
avito-tech-merch/internal/storage/db/mock/Repository.go:65.2,65.11 1 0
avito-tech-merch/internal/storage/db/mock/Repository.go:69.99,72.19 2 0
avito-tech-merch/internal/storage/db/mock/Repository.go:72.19,73.56 1 0
avito-tech-merch/internal/storage/db/mock/Repository.go:76.2,78.85 3 0
avito-tech-merch/internal/storage/db/mock/Repository.go:78.85,80.3 1 0
avito-tech-merch/internal/storage/db/mock/Repository.go:81.2,81.76 1 0
avito-tech-merch/internal/storage/db/mock/Repository.go:81.76,83.3 1 0
avito-tech-merch/internal/storage/db/mock/Repository.go:83.8,85.3 1 0
avito-tech-merch/internal/storage/db/mock/Repository.go:87.2,87.78 1 0
avito-tech-merch/internal/storage/db/mock/Repository.go:87.78,89.3 1 0
avito-tech-merch/internal/storage/db/mock/Repository.go:89.8,91.3 1 0
avito-tech-merch/internal/storage/db/mock/Repository.go:93.2,93.15 1 0
avito-tech-merch/internal/storage/db/mock/Repository.go:97.108,100.19 2 0
avito-tech-merch/internal/storage/db/mock/Repository.go:100.19,101.59 1 0
avito-tech-merch/internal/storage/db/mock/Repository.go:104.2,106.88 3 0
avito-tech-merch/internal/storage/db/mock/Repository.go:106.88,108.3 1 0
avito-tech-merch/internal/storage/db/mock/Repository.go:109.2,109.79 1 0
avito-tech-merch/internal/storage/db/mock/Repository.go:109.79,111.3 1 0
avito-tech-merch/internal/storage/db/mock/Repository.go:111.8,113.3 1 0
avito-tech-merch/internal/storage/db/mock/Repository.go:115.2,115.81 1 0
avito-tech-merch/internal/storage/db/mock/Repository.go:115.81,117.3 1 0
avito-tech-merch/internal/storage/db/mock/Repository.go:117.8,119.3 1 0
avito-tech-merch/internal/storage/db/mock/Repository.go:121.2,121.15 1 0
avito-tech-merch/internal/storage/db/mock/Repository.go:125.87,128.19 2 0
avito-tech-merch/internal/storage/db/mock/Repository.go:128.19,129.52 1 0
avito-tech-merch/internal/storage/db/mock/Repository.go:132.2,134.81 3 0
avito-tech-merch/internal/storage/db/mock/Repository.go:134.81,136.3 1 0
avito-tech-merch/internal/storage/db/mock/Repository.go:137.2,137.72 1 0
avito-tech-merch/internal/storage/db/mock/Repository.go:137.72,139.3 1 0
avito-tech-merch/internal/storage/db/mock/Repository.go:139.8,141.3 1 0
avito-tech-merch/internal/storage/db/mock/Repository.go:143.2,143.74 1 0
avito-tech-merch/internal/storage/db/mock/Repository.go:143.74,145.3 1 0
avito-tech-merch/internal/storage/db/mock/Repository.go:145.8,147.3 1 0
avito-tech-merch/internal/storage/db/mock/Repository.go:149.2,149.15 1 0
avito-tech-merch/internal/storage/db/mock/Repository.go:153.81,156.19 2 0
avito-tech-merch/internal/storage/db/mock/Repository.go:156.19,157.53 1 0
avito-tech-merch/internal/storage/db/mock/Repository.go:160.2,162.79 3 0
avito-tech-merch/internal/storage/db/mock/Repository.go:162.79,164.3 1 0
avito-tech-merch/internal/storage/db/mock/Repository.go:165.2,165.70 1 0
avito-tech-merch/internal/storage/db/mock/Repository.go:165.70,167.3 1 0
avito-tech-merch/internal/storage/db/mock/Repository.go:167.8,168.24 1 0
avito-tech-merch/internal/storage/db/mock/Repository.go:168.24,170.4 1 0
avito-tech-merch/internal/storage/db/mock/Repository.go:173.2,173.60 1 0
avito-tech-merch/internal/storage/db/mock/Repository.go:173.60,175.3 1 0
avito-tech-merch/internal/storage/db/mock/Repository.go:175.8,177.3 1 0
avito-tech-merch/internal/storage/db/mock/Repository.go:179.2,179.15 1 0
avito-tech-merch/internal/storage/db/mock/Repository.go:183.80,186.19 2 0
avito-tech-merch/internal/storage/db/mock/Repository.go:186.19,187.53 1 0
avito-tech-merch/internal/storage/db/mock/Repository.go:190.2,192.78 3 0
avito-tech-merch/internal/storage/db/mock/Repository.go:192.78,194.3 1 0
avito-tech-merch/internal/storage/db/mock/Repository.go:195.2,195.69 1 0
avito-tech-merch/internal/storage/db/mock/Repository.go:195.69,197.3 1 0
avito-tech-merch/internal/storage/db/mock/Repository.go:197.8,198.24 1 0
avito-tech-merch/internal/storage/db/mock/Repository.go:198.24,200.4 1 0
avito-tech-merch/internal/storage/db/mock/Repository.go:203.2,203.60 1 0
avito-tech-merch/internal/storage/db/mock/Repository.go:203.60,205.3 1 0
avito-tech-merch/internal/storage/db/mock/Repository.go:205.8,207.3 1 0
avito-tech-merch/internal/storage/db/mock/Repository.go:209.2,209.15 1 0
avito-tech-merch/internal/storage/db/mock/Repository.go:213.84,216.19 2 0
avito-tech-merch/internal/storage/db/mock/Repository.go:216.19,217.56 1 0
avito-tech-merch/internal/storage/db/mock/Repository.go:220.2,222.72 3 0
avito-tech-merch/internal/storage/db/mock/Repository.go:222.72,224.3 1 0
avito-tech-merch/internal/storage/db/mock/Repository.go:225.2,225.63 1 0
avito-tech-merch/internal/storage/db/mock/Repository.go:225.63,227.3 1 0
avito-tech-merch/internal/storage/db/mock/Repository.go:227.8,229.3 1 0
avito-tech-merch/internal/storage/db/mock/Repository.go:231.2,231.65 1 0
avito-tech-merch/internal/storage/db/mock/Repository.go:231.65,233.3 1 0
avito-tech-merch/internal/storage/db/mock/Repository.go:233.8,235.3 1 0
avito-tech-merch/internal/storage/db/mock/Repository.go:237.2,237.15 1 0
avito-tech-merch/internal/storage/db/mock/Repository.go:241.91,244.19 2 0
avito-tech-merch/internal/storage/db/mock/Repository.go:244.19,245.58 1 0
avito-tech-merch/internal/storage/db/mock/Repository.go:248.2,250.75 3 0
avito-tech-merch/internal/storage/db/mock/Repository.go:250.75,252.3 1 0
avito-tech-merch/internal/storage/db/mock/Repository.go:253.2,253.66 1 0
avito-tech-merch/internal/storage/db/mock/Repository.go:253.66,255.3 1 0
avito-tech-merch/internal/storage/db/mock/Repository.go:255.8,257.3 1 0
avito-tech-merch/internal/storage/db/mock/Repository.go:259.2,259.68 1 0
avito-tech-merch/internal/storage/db/mock/Repository.go:259.68,261.3 1 0
avito-tech-merch/internal/storage/db/mock/Repository.go:261.8,263.3 1 0
avito-tech-merch/internal/storage/db/mock/Repository.go:265.2,265.15 1 0
avito-tech-merch/internal/storage/db/mock/Repository.go:269.88,272.19 2 0
avito-tech-merch/internal/storage/db/mock/Repository.go:272.19,273.54 1 0
avito-tech-merch/internal/storage/db/mock/Repository.go:276.2,278.82 3 0
avito-tech-merch/internal/storage/db/mock/Repository.go:278.82,280.3 1 0
avito-tech-merch/internal/storage/db/mock/Repository.go:281.2,281.73 1 0
avito-tech-merch/internal/storage/db/mock/Repository.go:281.73,283.3 1 0
avito-tech-merch/internal/storage/db/mock/Repository.go:283.8,284.24 1 0
avito-tech-merch/internal/storage/db/mock/Repository.go:284.24,286.4 1 0
avito-tech-merch/internal/storage/db/mock/Repository.go:289.2,289.65 1 0
avito-tech-merch/internal/storage/db/mock/Repository.go:289.65,291.3 1 0
avito-tech-merch/internal/storage/db/mock/Repository.go:291.8,293.3 1 0
avito-tech-merch/internal/storage/db/mock/Repository.go:295.2,295.15 1 0
avito-tech-merch/internal/storage/db/mock/Repository.go:299.100,302.19 2 0
avito-tech-merch/internal/storage/db/mock/Repository.go:302.19,303.56 1 0
avito-tech-merch/internal/storage/db/mock/Repository.go:306.2,308.85 3 0
avito-tech-merch/internal/storage/db/mock/Repository.go:308.85,310.3 1 0
avito-tech-merch/internal/storage/db/mock/Repository.go:311.2,311.76 1 0
avito-tech-merch/internal/storage/db/mock/Repository.go:311.76,313.3 1 0
avito-tech-merch/internal/storage/db/mock/Repository.go:313.8,314.24 1 0
avito-tech-merch/internal/storage/db/mock/Repository.go:314.24,316.4 1 0
avito-tech-merch/internal/storage/db/mock/Repository.go:319.2,319.68 1 0
avito-tech-merch/internal/storage/db/mock/Repository.go:319.68,321.3 1 0
avito-tech-merch/internal/storage/db/mock/Repository.go:321.8,323.3 1 0
avito-tech-merch/internal/storage/db/mock/Repository.go:325.2,325.15 1 0
avito-tech-merch/internal/storage/db/mock/Repository.go:329.104,332.19 2 0
avito-tech-merch/internal/storage/db/mock/Repository.go:332.19,333.61 1 0
avito-tech-merch/internal/storage/db/mock/Repository.go:336.2,338.87 3 0
avito-tech-merch/internal/storage/db/mock/Repository.go:338.87,340.3 1 0
avito-tech-merch/internal/storage/db/mock/Repository.go:341.2,341.78 1 0
avito-tech-merch/internal/storage/db/mock/Repository.go:341.78,343.3 1 0
avito-tech-merch/internal/storage/db/mock/Repository.go:343.8,344.24 1 0
avito-tech-merch/internal/storage/db/mock/Repository.go:344.24,346.4 1 0
avito-tech-merch/internal/storage/db/mock/Repository.go:349.2,349.65 1 0
avito-tech-merch/internal/storage/db/mock/Repository.go:349.65,351.3 1 0
avito-tech-merch/internal/storage/db/mock/Repository.go:351.8,353.3 1 0
avito-tech-merch/internal/storage/db/mock/Repository.go:355.2,355.15 1 0
avito-tech-merch/internal/storage/db/mock/Repository.go:359.110,362.19 2 0
avito-tech-merch/internal/storage/db/mock/Repository.go:362.19,363.64 1 0
avito-tech-merch/internal/storage/db/mock/Repository.go:366.2,368.90 3 0
avito-tech-merch/internal/storage/db/mock/Repository.go:368.90,370.3 1 0
avito-tech-merch/internal/storage/db/mock/Repository.go:371.2,371.81 1 0
avito-tech-merch/internal/storage/db/mock/Repository.go:371.81,373.3 1 0
avito-tech-merch/internal/storage/db/mock/Repository.go:373.8,374.24 1 0
avito-tech-merch/internal/storage/db/mock/Repository.go:374.24,376.4 1 0
avito-tech-merch/internal/storage/db/mock/Repository.go:379.2,379.65 1 0
avito-tech-merch/internal/storage/db/mock/Repository.go:379.65,381.3 1 0
avito-tech-merch/internal/storage/db/mock/Repository.go:381.8,383.3 1 0
avito-tech-merch/internal/storage/db/mock/Repository.go:385.2,385.15 1 0
avito-tech-merch/internal/storage/db/mock/Repository.go:389.90,392.19 2 0
avito-tech-merch/internal/storage/db/mock/Repository.go:392.19,393.53 1 0
avito-tech-merch/internal/storage/db/mock/Repository.go:396.2,398.81 3 0
avito-tech-merch/internal/storage/db/mock/Repository.go:398.81,400.3 1 0
avito-tech-merch/internal/storage/db/mock/Repository.go:401.2,401.72 1 0
avito-tech-merch/internal/storage/db/mock/Repository.go:401.72,403.3 1 0
avito-tech-merch/internal/storage/db/mock/Repository.go:403.8,404.24 1 0
avito-tech-merch/internal/storage/db/mock/Repository.go:404.24,406.4 1 0
avito-tech-merch/internal/storage/db/mock/Repository.go:409.2,409.65 1 0
avito-tech-merch/internal/storage/db/mock/Repository.go:409.65,411.3 1 0
avito-tech-merch/internal/storage/db/mock/Repository.go:411.8,413.3 1 0
avito-tech-merch/internal/storage/db/mock/Repository.go:415.2,415.15 1 0
avito-tech-merch/internal/storage/db/mock/Repository.go:419.101,422.19 2 0
avito-tech-merch/internal/storage/db/mock/Repository.go:422.19,423.59 1 0
avito-tech-merch/internal/storage/db/mock/Repository.go:426.2,428.84 3 0
avito-tech-merch/internal/storage/db/mock/Repository.go:428.84,430.3 1 0
avito-tech-merch/internal/storage/db/mock/Repository.go:431.2,431.75 1 0
avito-tech-merch/internal/storage/db/mock/Repository.go:431.75,433.3 1 0
avito-tech-merch/internal/storage/db/mock/Repository.go:433.8,434.24 1 0
avito-tech-merch/internal/storage/db/mock/Repository.go:434.24,436.4 1 0
avito-tech-merch/internal/storage/db/mock/Repository.go:439.2,439.68 1 0
avito-tech-merch/internal/storage/db/mock/Repository.go:439.68,441.3 1 0
avito-tech-merch/internal/storage/db/mock/Repository.go:441.8,443.3 1 0
avito-tech-merch/internal/storage/db/mock/Repository.go:445.2,445.15 1 0
avito-tech-merch/internal/storage/db/mock/Repository.go:449.72,452.19 2 0
avito-tech-merch/internal/storage/db/mock/Repository.go:452.19,453.52 1 0
avito-tech-merch/internal/storage/db/mock/Repository.go:456.2,457.68 2 0
avito-tech-merch/internal/storage/db/mock/Repository.go:457.68,459.3 1 0
avito-tech-merch/internal/storage/db/mock/Repository.go:459.8,461.3 1 0
avito-tech-merch/internal/storage/db/mock/Repository.go:463.2,463.11 1 0
avito-tech-merch/internal/storage/db/mock/Repository.go:467.92,470.19 2 0
avito-tech-merch/internal/storage/db/mock/Repository.go:470.19,471.55 1 0
avito-tech-merch/internal/storage/db/mock/Repository.go:474.2,475.70 2 0
avito-tech-merch/internal/storage/db/mock/Repository.go:475.70,477.3 1 0
avito-tech-merch/internal/storage/db/mock/Repository.go:477.8,479.3 1 0
avito-tech-merch/internal/storage/db/mock/Repository.go:481.2,481.11 1 0
avito-tech-merch/internal/storage/db/mock/Repository.go:485.80,488.19 2 0
avito-tech-merch/internal/storage/db/mock/Repository.go:488.19,489.52 1 0
avito-tech-merch/internal/storage/db/mock/Repository.go:492.2,493.74 2 0
avito-tech-merch/internal/storage/db/mock/Repository.go:493.74,495.3 1 0
avito-tech-merch/internal/storage/db/mock/Repository.go:495.8,497.3 1 0
avito-tech-merch/internal/storage/db/mock/Repository.go:499.2,499.11 1 0
avito-tech-merch/internal/storage/db/mock/Repository.go:507.16,511.19 3 0
avito-tech-merch/internal/storage/db/mock/Repository.go:511.19,511.49 1 0
avito-tech-merch/internal/storage/db/mock/Repository.go:513.2,513.13 1 0
avito-tech-merch/internal/storage/db/mock/TransactionRepository.go:19.119,22.19 2 0
avito-tech-merch/internal/storage/db/mock/TransactionRepository.go:22.19,23.59 1 0
avito-tech-merch/internal/storage/db/mock/TransactionRepository.go:26.2,28.88 3 0
avito-tech-merch/internal/storage/db/mock/TransactionRepository.go:28.88,30.3 1 0
avito-tech-merch/internal/storage/db/mock/TransactionRepository.go:31.2,31.79 1 0
avito-tech-merch/internal/storage/db/mock/TransactionRepository.go:31.79,33.3 1 0
avito-tech-merch/internal/storage/db/mock/TransactionRepository.go:33.8,35.3 1 0
avito-tech-merch/internal/storage/db/mock/TransactionRepository.go:37.2,37.81 1 0
avito-tech-merch/internal/storage/db/mock/TransactionRepository.go:37.81,39.3 1 0
avito-tech-merch/internal/storage/db/mock/TransactionRepository.go:39.8,41.3 1 0
avito-tech-merch/internal/storage/db/mock/TransactionRepository.go:43.2,43.15 1 0
avito-tech-merch/internal/storage/db/mock/TransactionRepository.go:47.121,50.19 2 0
avito-tech-merch/internal/storage/db/mock/TransactionRepository.go:50.19,51.64 1 0
avito-tech-merch/internal/storage/db/mock/TransactionRepository.go:54.2,56.90 3 0
avito-tech-merch/internal/storage/db/mock/TransactionRepository.go:56.90,58.3 1 0
avito-tech-merch/internal/storage/db/mock/TransactionRepository.go:59.2,59.81 1 0
avito-tech-merch/internal/storage/db/mock/TransactionRepository.go:59.81,61.3 1 0
avito-tech-merch/internal/storage/db/mock/TransactionRepository.go:61.8,62.24 1 0
avito-tech-merch/internal/storage/db/mock/TransactionRepository.go:62.24,64.4 1 0
avito-tech-merch/internal/storage/db/mock/TransactionRepository.go:67.2,67.65 1 0
avito-tech-merch/internal/storage/db/mock/TransactionRepository.go:67.65,69.3 1 0
avito-tech-merch/internal/storage/db/mock/TransactionRepository.go:69.8,71.3 1 0
avito-tech-merch/internal/storage/db/mock/TransactionRepository.go:73.2,73.15 1 0
avito-tech-merch/internal/storage/db/mock/TransactionRepository.go:81.27,85.19 3 0
avito-tech-merch/internal/storage/db/mock/TransactionRepository.go:85.19,85.49 1 0
avito-tech-merch/internal/storage/db/mock/TransactionRepository.go:87.2,87.13 1 0
avito-tech-merch/internal/storage/db/mock/TxManager.go:20.67,23.19 2 0
avito-tech-merch/internal/storage/db/mock/TxManager.go:23.19,24.49 1 0
avito-tech-merch/internal/storage/db/mock/TxManager.go:27.2,29.70 3 0
avito-tech-merch/internal/storage/db/mock/TxManager.go:29.70,31.3 1 0
avito-tech-merch/internal/storage/db/mock/TxManager.go:32.2,32.61 1 0
avito-tech-merch/internal/storage/db/mock/TxManager.go:32.61,34.3 1 0
avito-tech-merch/internal/storage/db/mock/TxManager.go:34.8,35.24 1 0
avito-tech-merch/internal/storage/db/mock/TxManager.go:35.24,37.4 1 0
avito-tech-merch/internal/storage/db/mock/TxManager.go:40.2,40.60 1 0
avito-tech-merch/internal/storage/db/mock/TxManager.go:40.60,42.3 1 0
avito-tech-merch/internal/storage/db/mock/TxManager.go:42.8,44.3 1 0
avito-tech-merch/internal/storage/db/mock/TxManager.go:46.2,46.15 1 0
avito-tech-merch/internal/storage/db/mock/TxManager.go:50.69,53.19 2 0
avito-tech-merch/internal/storage/db/mock/TxManager.go:53.19,54.50 1 0
avito-tech-merch/internal/storage/db/mock/TxManager.go:57.2,58.68 2 0
avito-tech-merch/internal/storage/db/mock/TxManager.go:58.68,60.3 1 0
avito-tech-merch/internal/storage/db/mock/TxManager.go:60.8,62.3 1 0
avito-tech-merch/internal/storage/db/mock/TxManager.go:64.2,64.11 1 0
avito-tech-merch/internal/storage/db/mock/TxManager.go:68.71,71.19 2 0
avito-tech-merch/internal/storage/db/mock/TxManager.go:71.19,72.52 1 0
avito-tech-merch/internal/storage/db/mock/TxManager.go:75.2,76.68 2 0
avito-tech-merch/internal/storage/db/mock/TxManager.go:76.68,78.3 1 0
avito-tech-merch/internal/storage/db/mock/TxManager.go:78.8,80.3 1 0
avito-tech-merch/internal/storage/db/mock/TxManager.go:82.2,82.11 1 0
avito-tech-merch/internal/storage/db/mock/TxManager.go:87.65,90.19 2 0
avito-tech-merch/internal/storage/db/mock/TxManager.go:90.19,91.47 1 0
avito-tech-merch/internal/storage/db/mock/TxManager.go:94.2,96.70 3 0
avito-tech-merch/internal/storage/db/mock/TxManager.go:96.70,98.3 1 0
avito-tech-merch/internal/storage/db/mock/TxManager.go:99.2,99.61 1 0
avito-tech-merch/internal/storage/db/mock/TxManager.go:99.61,101.3 1 0
avito-tech-merch/internal/storage/db/mock/TxManager.go:101.8,102.24 1 0
avito-tech-merch/internal/storage/db/mock/TxManager.go:102.24,104.4 1 0
avito-tech-merch/internal/storage/db/mock/TxManager.go:107.2,107.60 1 0
avito-tech-merch/internal/storage/db/mock/TxManager.go:107.60,109.3 1 0
avito-tech-merch/internal/storage/db/mock/TxManager.go:109.8,111.3 1 0
avito-tech-merch/internal/storage/db/mock/TxManager.go:113.2,113.15 1 0
avito-tech-merch/internal/storage/db/mock/TxManager.go:117.56,120.19 2 0
avito-tech-merch/internal/storage/db/mock/TxManager.go:120.19,121.48 1 0
avito-tech-merch/internal/storage/db/mock/TxManager.go:124.2,125.60 2 0
avito-tech-merch/internal/storage/db/mock/TxManager.go:125.60,127.3 1 0
avito-tech-merch/internal/storage/db/mock/TxManager.go:127.8,129.3 1 0
avito-tech-merch/internal/storage/db/mock/TxManager.go:131.2,131.11 1 0
avito-tech-merch/internal/storage/db/mock/TxManager.go:135.39,138.19 2 0
avito-tech-merch/internal/storage/db/mock/TxManager.go:138.19,139.46 1 0
avito-tech-merch/internal/storage/db/mock/TxManager.go:142.2,143.49 2 0
avito-tech-merch/internal/storage/db/mock/TxManager.go:143.49,145.3 1 0
avito-tech-merch/internal/storage/db/mock/TxManager.go:145.8,146.24 1 0
avito-tech-merch/internal/storage/db/mock/TxManager.go:146.24,148.4 1 0
avito-tech-merch/internal/storage/db/mock/TxManager.go:151.2,151.11 1 0
avito-tech-merch/internal/storage/db/mock/TxManager.go:155.142,158.19 2 0
avito-tech-merch/internal/storage/db/mock/TxManager.go:158.19,159.50 1 0
avito-tech-merch/internal/storage/db/mock/TxManager.go:162.2,164.115 3 0
avito-tech-merch/internal/storage/db/mock/TxManager.go:164.115,166.3 1 0
avito-tech-merch/internal/storage/db/mock/TxManager.go:167.2,167.106 1 0
avito-tech-merch/internal/storage/db/mock/TxManager.go:167.106,169.3 1 0
avito-tech-merch/internal/storage/db/mock/TxManager.go:169.8,171.3 1 0
avito-tech-merch/internal/storage/db/mock/TxManager.go:173.2,173.106 1 0
avito-tech-merch/internal/storage/db/mock/TxManager.go:173.106,175.3 1 0
avito-tech-merch/internal/storage/db/mock/TxManager.go:175.8,177.3 1 0
avito-tech-merch/internal/storage/db/mock/TxManager.go:179.2,179.15 1 0
avito-tech-merch/internal/storage/db/mock/TxManager.go:183.113,189.19 5 0
avito-tech-merch/internal/storage/db/mock/TxManager.go:189.19,190.46 1 0
avito-tech-merch/internal/storage/db/mock/TxManager.go:193.2,195.105 3 0
avito-tech-merch/internal/storage/db/mock/TxManager.go:195.105,197.3 1 0
avito-tech-merch/internal/storage/db/mock/TxManager.go:198.2,198.96 1 0
avito-tech-merch/internal/storage/db/mock/TxManager.go:198.96,200.3 1 0
avito-tech-merch/internal/storage/db/mock/TxManager.go:200.8,202.3 1 0
avito-tech-merch/internal/storage/db/mock/TxManager.go:204.2,204.84 1 0
avito-tech-merch/internal/storage/db/mock/TxManager.go:204.84,206.3 1 0
avito-tech-merch/internal/storage/db/mock/TxManager.go:206.8,208.3 1 0
avito-tech-merch/internal/storage/db/mock/TxManager.go:210.2,210.15 1 0
avito-tech-merch/internal/storage/db/mock/TxManager.go:214.54,217.19 2 0
avito-tech-merch/internal/storage/db/mock/TxManager.go:217.19,218.54 1 0
avito-tech-merch/internal/storage/db/mock/TxManager.go:221.2,222.56 2 0
avito-tech-merch/internal/storage/db/mock/TxManager.go:222.56,224.3 1 0
avito-tech-merch/internal/storage/db/mock/TxManager.go:224.8,226.3 1 0
avito-tech-merch/internal/storage/db/mock/TxManager.go:228.2,228.11 1 0
avito-tech-merch/internal/storage/db/mock/TxManager.go:232.114,235.19 2 0
avito-tech-merch/internal/storage/db/mock/TxManager.go:235.19,236.49 1 0
avito-tech-merch/internal/storage/db/mock/TxManager.go:239.2,241.108 3 0
avito-tech-merch/internal/storage/db/mock/TxManager.go:241.108,243.3 1 0
avito-tech-merch/internal/storage/db/mock/TxManager.go:244.2,244.99 1 0
avito-tech-merch/internal/storage/db/mock/TxManager.go:244.99,246.3 1 0
avito-tech-merch/internal/storage/db/mock/TxManager.go:246.8,247.24 1 0
avito-tech-merch/internal/storage/db/mock/TxManager.go:247.24,249.4 1 0
avito-tech-merch/internal/storage/db/mock/TxManager.go:252.2,252.76 1 0
avito-tech-merch/internal/storage/db/mock/TxManager.go:252.76,254.3 1 0
avito-tech-merch/internal/storage/db/mock/TxManager.go:254.8,256.3 1 0
avito-tech-merch/internal/storage/db/mock/TxManager.go:258.2,258.15 1 0
avito-tech-merch/internal/storage/db/mock/TxManager.go:262.100,268.19 5 0
avito-tech-merch/internal/storage/db/mock/TxManager.go:268.19,269.47 1 0
avito-tech-merch/internal/storage/db/mock/TxManager.go:272.2,274.96 3 0
avito-tech-merch/internal/storage/db/mock/TxManager.go:274.96,276.3 1 0
avito-tech-merch/internal/storage/db/mock/TxManager.go:277.2,277.87 1 0
avito-tech-merch/internal/storage/db/mock/TxManager.go:277.87,279.3 1 0
avito-tech-merch/internal/storage/db/mock/TxManager.go:279.8,280.24 1 0
avito-tech-merch/internal/storage/db/mock/TxManager.go:280.24,282.4 1 0
avito-tech-merch/internal/storage/db/mock/TxManager.go:285.2,285.84 1 0
avito-tech-merch/internal/storage/db/mock/TxManager.go:285.84,287.3 1 0
avito-tech-merch/internal/storage/db/mock/TxManager.go:287.8,289.3 1 0
avito-tech-merch/internal/storage/db/mock/TxManager.go:291.2,291.15 1 0
avito-tech-merch/internal/storage/db/mock/TxManager.go:295.93,301.19 5 0
avito-tech-merch/internal/storage/db/mock/TxManager.go:301.19,302.50 1 0
avito-tech-merch/internal/storage/db/mock/TxManager.go:305.2,306.86 2 0
avito-tech-merch/internal/storage/db/mock/TxManager.go:306.86,308.3 1 0
avito-tech-merch/internal/storage/db/mock/TxManager.go:308.8,309.24 1 0
avito-tech-merch/internal/storage/db/mock/TxManager.go:309.24,311.4 1 0
avito-tech-merch/internal/storage/db/mock/TxManager.go:314.2,314.11 1 0
avito-tech-merch/internal/storage/db/mock/TxManager.go:318.58,321.19 2 0
avito-tech-merch/internal/storage/db/mock/TxManager.go:321.19,322.50 1 0
avito-tech-merch/internal/storage/db/mock/TxManager.go:325.2,326.60 2 0
avito-tech-merch/internal/storage/db/mock/TxManager.go:326.60,328.3 1 0
avito-tech-merch/internal/storage/db/mock/TxManager.go:328.8,330.3 1 0
avito-tech-merch/internal/storage/db/mock/TxManager.go:332.2,332.11 1 0
avito-tech-merch/internal/storage/db/mock/TxManager.go:336.84,339.19 2 0
avito-tech-merch/internal/storage/db/mock/TxManager.go:339.19,340.51 1 0
avito-tech-merch/internal/storage/db/mock/TxManager.go:343.2,344.83 2 0
avito-tech-merch/internal/storage/db/mock/TxManager.go:344.83,346.3 1 0
avito-tech-merch/internal/storage/db/mock/TxManager.go:346.8,347.24 1 0
avito-tech-merch/internal/storage/db/mock/TxManager.go:347.24,349.4 1 0
avito-tech-merch/internal/storage/db/mock/TxManager.go:352.2,352.11 1 0
avito-tech-merch/internal/storage/db/mock/TxManager.go:361.15,365.19 3 0
avito-tech-merch/internal/storage/db/mock/TxManager.go:365.19,365.49 1 0
avito-tech-merch/internal/storage/db/mock/TxManager.go:367.2,367.13 1 0
avito-tech-merch/internal/storage/db/mock/UserRepository.go:19.91,22.19 2 0
avito-tech-merch/internal/storage/db/mock/UserRepository.go:22.19,23.52 1 0
avito-tech-merch/internal/storage/db/mock/UserRepository.go:26.2,28.81 3 0
avito-tech-merch/internal/storage/db/mock/UserRepository.go:28.81,30.3 1 0
avito-tech-merch/internal/storage/db/mock/UserRepository.go:31.2,31.72 1 0
avito-tech-merch/internal/storage/db/mock/UserRepository.go:31.72,33.3 1 0
avito-tech-merch/internal/storage/db/mock/UserRepository.go:33.8,35.3 1 0
avito-tech-merch/internal/storage/db/mock/UserRepository.go:37.2,37.74 1 0
avito-tech-merch/internal/storage/db/mock/UserRepository.go:37.74,39.3 1 0
avito-tech-merch/internal/storage/db/mock/UserRepository.go:39.8,41.3 1 0
avito-tech-merch/internal/storage/db/mock/UserRepository.go:43.2,43.15 1 0
avito-tech-merch/internal/storage/db/mock/UserRepository.go:47.84,50.19 2 0
avito-tech-merch/internal/storage/db/mock/UserRepository.go:50.19,51.53 1 0
avito-tech-merch/internal/storage/db/mock/UserRepository.go:54.2,56.78 3 0
avito-tech-merch/internal/storage/db/mock/UserRepository.go:56.78,58.3 1 0
avito-tech-merch/internal/storage/db/mock/UserRepository.go:59.2,59.69 1 0
avito-tech-merch/internal/storage/db/mock/UserRepository.go:59.69,61.3 1 0
avito-tech-merch/internal/storage/db/mock/UserRepository.go:61.8,62.24 1 0
avito-tech-merch/internal/storage/db/mock/UserRepository.go:62.24,64.4 1 0
avito-tech-merch/internal/storage/db/mock/UserRepository.go:67.2,67.60 1 0
avito-tech-merch/internal/storage/db/mock/UserRepository.go:67.60,69.3 1 0
avito-tech-merch/internal/storage/db/mock/UserRepository.go:69.8,71.3 1 0
avito-tech-merch/internal/storage/db/mock/UserRepository.go:73.2,73.15 1 0
avito-tech-merch/internal/storage/db/mock/UserRepository.go:77.88,80.19 2 0
avito-tech-merch/internal/storage/db/mock/UserRepository.go:80.19,81.56 1 0
avito-tech-merch/internal/storage/db/mock/UserRepository.go:84.2,86.72 3 0
avito-tech-merch/internal/storage/db/mock/UserRepository.go:86.72,88.3 1 0
avito-tech-merch/internal/storage/db/mock/UserRepository.go:89.2,89.63 1 0
avito-tech-merch/internal/storage/db/mock/UserRepository.go:89.63,91.3 1 0
avito-tech-merch/internal/storage/db/mock/UserRepository.go:91.8,93.3 1 0
avito-tech-merch/internal/storage/db/mock/UserRepository.go:95.2,95.65 1 0
avito-tech-merch/internal/storage/db/mock/UserRepository.go:95.65,97.3 1 0
avito-tech-merch/internal/storage/db/mock/UserRepository.go:97.8,99.3 1 0
avito-tech-merch/internal/storage/db/mock/UserRepository.go:101.2,101.15 1 0
avito-tech-merch/internal/storage/db/mock/UserRepository.go:105.95,108.19 2 0
avito-tech-merch/internal/storage/db/mock/UserRepository.go:108.19,109.58 1 0
avito-tech-merch/internal/storage/db/mock/UserRepository.go:112.2,114.75 3 0
avito-tech-merch/internal/storage/db/mock/UserRepository.go:114.75,116.3 1 0
avito-tech-merch/internal/storage/db/mock/UserRepository.go:117.2,117.66 1 0
avito-tech-merch/internal/storage/db/mock/UserRepository.go:117.66,119.3 1 0
avito-tech-merch/internal/storage/db/mock/UserRepository.go:119.8,121.3 1 0
avito-tech-merch/internal/storage/db/mock/UserRepository.go:123.2,123.68 1 0
avito-tech-merch/internal/storage/db/mock/UserRepository.go:123.68,125.3 1 0
avito-tech-merch/internal/storage/db/mock/UserRepository.go:125.8,127.3 1 0
avito-tech-merch/internal/storage/db/mock/UserRepository.go:129.2,129.15 1 0
avito-tech-merch/internal/storage/db/mock/UserRepository.go:133.94,136.19 2 0
avito-tech-merch/internal/storage/db/mock/UserRepository.go:136.19,137.53 1 0
avito-tech-merch/internal/storage/db/mock/UserRepository.go:140.2,142.81 3 0
avito-tech-merch/internal/storage/db/mock/UserRepository.go:142.81,144.3 1 0
avito-tech-merch/internal/storage/db/mock/UserRepository.go:145.2,145.72 1 0
avito-tech-merch/internal/storage/db/mock/UserRepository.go:145.72,147.3 1 0
avito-tech-merch/internal/storage/db/mock/UserRepository.go:147.8,148.24 1 0
avito-tech-merch/internal/storage/db/mock/UserRepository.go:148.24,150.4 1 0
avito-tech-merch/internal/storage/db/mock/UserRepository.go:153.2,153.65 1 0
avito-tech-merch/internal/storage/db/mock/UserRepository.go:153.65,155.3 1 0
avito-tech-merch/internal/storage/db/mock/UserRepository.go:155.8,157.3 1 0
avito-tech-merch/internal/storage/db/mock/UserRepository.go:159.2,159.15 1 0
avito-tech-merch/internal/storage/db/mock/UserRepository.go:163.105,166.19 2 0
avito-tech-merch/internal/storage/db/mock/UserRepository.go:166.19,167.59 1 0
avito-tech-merch/internal/storage/db/mock/UserRepository.go:170.2,172.84 3 0
avito-tech-merch/internal/storage/db/mock/UserRepository.go:172.84,174.3 1 0
avito-tech-merch/internal/storage/db/mock/UserRepository.go:175.2,175.75 1 0
avito-tech-merch/internal/storage/db/mock/UserRepository.go:175.75,177.3 1 0
avito-tech-merch/internal/storage/db/mock/UserRepository.go:177.8,178.24 1 0
avito-tech-merch/internal/storage/db/mock/UserRepository.go:178.24,180.4 1 0
avito-tech-merch/internal/storage/db/mock/UserRepository.go:183.2,183.68 1 0
avito-tech-merch/internal/storage/db/mock/UserRepository.go:183.68,185.3 1 0
avito-tech-merch/internal/storage/db/mock/UserRepository.go:185.8,187.3 1 0
avito-tech-merch/internal/storage/db/mock/UserRepository.go:189.2,189.15 1 0
avito-tech-merch/internal/storage/db/mock/UserRepository.go:193.96,196.19 2 0
avito-tech-merch/internal/storage/db/mock/UserRepository.go:196.19,197.55 1 0
avito-tech-merch/internal/storage/db/mock/UserRepository.go:200.2,201.70 2 0
avito-tech-merch/internal/storage/db/mock/UserRepository.go:201.70,203.3 1 0
avito-tech-merch/internal/storage/db/mock/UserRepository.go:203.8,205.3 1 0
avito-tech-merch/internal/storage/db/mock/UserRepository.go:207.2,207.11 1 0
avito-tech-merch/internal/storage/db/mock/UserRepository.go:211.84,214.19 2 0
avito-tech-merch/internal/storage/db/mock/UserRepository.go:214.19,215.52 1 0
avito-tech-merch/internal/storage/db/mock/UserRepository.go:218.2,219.74 2 0
avito-tech-merch/internal/storage/db/mock/UserRepository.go:219.74,221.3 1 0
avito-tech-merch/internal/storage/db/mock/UserRepository.go:221.8,223.3 1 0
avito-tech-merch/internal/storage/db/mock/UserRepository.go:225.2,225.11 1 0
avito-tech-merch/internal/storage/db/mock/UserRepository.go:233.20,237.19 3 0
avito-tech-merch/internal/storage/db/mock/UserRepository.go:237.19,237.49 1 0
avito-tech-merch/internal/storage/db/mock/UserRepository.go:239.2,239.13 1 0
avito-tech-merch/pkg/jwt/jwt.go:17.37,19.2 1 0
avito-tech-merch/pkg/jwt/jwt.go:21.108,34.2 5 0
avito-tech-merch/pkg/jwt/jwt.go:36.86,37.83 1 0
avito-tech-merch/pkg/jwt/jwt.go:37.83,39.3 1 0
avito-tech-merch/pkg/jwt/jwt.go:41.2,41.16 1 0
avito-tech-merch/pkg/jwt/jwt.go:41.16,43.3 1 0
avito-tech-merch/pkg/jwt/jwt.go:45.2,45.67 1 0
avito-tech-merch/pkg/jwt/jwt.go:45.67,48.3 2 0
avito-tech-merch/pkg/jwt/jwt.go:50.2,50.39 1 0
avito-tech-merch/pkg/logger/logger.go:27.36,30.14 2 0
avito-tech-merch/pkg/logger/logger.go:31.13,35.63 4 0
avito-tech-merch/pkg/logger/logger.go:36.14,40.63 4 0
avito-tech-merch/pkg/logger/logger.go:41.10,42.28 1 0
avito-tech-merch/pkg/logger/logger.go:45.2,46.16 2 0
avito-tech-merch/pkg/logger/logger.go:46.16,47.13 1 0
avito-tech-merch/pkg/logger/logger.go:50.2,53.3 1 0
avito-tech-merch/pkg/logger/logger.go:56.60,58.2 1 0
avito-tech-merch/pkg/logger/logger.go:60.59,62.2 1 0
avito-tech-merch/pkg/logger/logger.go:64.59,66.2 1 0
avito-tech-merch/pkg/logger/logger.go:68.60,70.2 1 0
avito-tech-merch/pkg/logger/logger.go:72.60,74.2 1 0
avito-tech-merch/pkg/logger/logger.go:76.70,78.2 1 0
avito-tech-merch/pkg/logger/logger.go:80.69,82.2 1 0
avito-tech-merch/pkg/logger/logger.go:84.69,86.2 1 0
avito-tech-merch/pkg/logger/logger.go:88.70,90.2 1 0
avito-tech-merch/pkg/logger/logger.go:92.70,94.2 1 0
avito-tech-merch/pkg/logger/logger.go:96.28,98.2 1 0
avito-tech-merch/pkg/jwt/mock/TokenService.go:13.105,16.19 2 0
avito-tech-merch/pkg/jwt/mock/TokenService.go:16.19,17.55 1 0
avito-tech-merch/pkg/jwt/mock/TokenService.go:20.2,22.71 3 0
avito-tech-merch/pkg/jwt/mock/TokenService.go:22.71,24.3 1 0
avito-tech-merch/pkg/jwt/mock/TokenService.go:25.2,25.62 1 0
avito-tech-merch/pkg/jwt/mock/TokenService.go:25.62,27.3 1 0
avito-tech-merch/pkg/jwt/mock/TokenService.go:27.8,29.3 1 0
avito-tech-merch/pkg/jwt/mock/TokenService.go:31.2,31.61 1 0
avito-tech-merch/pkg/jwt/mock/TokenService.go:31.61,33.3 1 0
avito-tech-merch/pkg/jwt/mock/TokenService.go:33.8,35.3 1 0
avito-tech-merch/pkg/jwt/mock/TokenService.go:37.2,37.15 1 0
avito-tech-merch/pkg/jwt/mock/TokenService.go:41.90,44.19 2 0
avito-tech-merch/pkg/jwt/mock/TokenService.go:44.19,45.55 1 0
avito-tech-merch/pkg/jwt/mock/TokenService.go:48.2,50.66 3 0
avito-tech-merch/pkg/jwt/mock/TokenService.go:50.66,52.3 1 0
avito-tech-merch/pkg/jwt/mock/TokenService.go:53.2,53.57 1 0
avito-tech-merch/pkg/jwt/mock/TokenService.go:53.57,55.3 1 0
avito-tech-merch/pkg/jwt/mock/TokenService.go:55.8,57.3 1 0
avito-tech-merch/pkg/jwt/mock/TokenService.go:59.2,59.59 1 0
avito-tech-merch/pkg/jwt/mock/TokenService.go:59.59,61.3 1 0
avito-tech-merch/pkg/jwt/mock/TokenService.go:61.8,63.3 1 0
avito-tech-merch/pkg/jwt/mock/TokenService.go:65.2,65.15 1 0
avito-tech-merch/pkg/jwt/mock/TokenService.go:73.18,77.19 3 0
avito-tech-merch/pkg/jwt/mock/TokenService.go:77.19,77.49 1 0
avito-tech-merch/pkg/jwt/mock/TokenService.go:79.2,79.13 1 0
avito-tech-merch/pkg/logger/mock/Logger.go:16.62,18.25 2 0
avito-tech-merch/pkg/logger/mock/Logger.go:18.25,20.3 1 0
avito-tech-merch/pkg/logger/mock/Logger.go:21.2,24.19 4 0
avito-tech-merch/pkg/logger/mock/Logger.go:28.68,33.2 4 0
avito-tech-merch/pkg/logger/mock/Logger.go:36.62,38.25 2 0
avito-tech-merch/pkg/logger/mock/Logger.go:38.25,40.3 1 0
avito-tech-merch/pkg/logger/mock/Logger.go:41.2,44.19 4 0
avito-tech-merch/pkg/logger/mock/Logger.go:48.68,53.2 4 0
avito-tech-merch/pkg/logger/mock/Logger.go:56.62,58.25 2 0
avito-tech-merch/pkg/logger/mock/Logger.go:58.25,60.3 1 0
avito-tech-merch/pkg/logger/mock/Logger.go:61.2,64.19 4 0
avito-tech-merch/pkg/logger/mock/Logger.go:68.68,73.2 4 0
avito-tech-merch/pkg/logger/mock/Logger.go:76.61,78.25 2 0
avito-tech-merch/pkg/logger/mock/Logger.go:78.25,80.3 1 0
avito-tech-merch/pkg/logger/mock/Logger.go:81.2,84.19 4 0
avito-tech-merch/pkg/logger/mock/Logger.go:88.67,93.2 4 0
avito-tech-merch/pkg/logger/mock/Logger.go:96.26,98.2 1 0
avito-tech-merch/pkg/logger/mock/Logger.go:101.61,103.25 2 0
avito-tech-merch/pkg/logger/mock/Logger.go:103.25,105.3 1 0
avito-tech-merch/pkg/logger/mock/Logger.go:106.2,109.19 4 0
avito-tech-merch/pkg/logger/mock/Logger.go:113.67,118.2 4 0
avito-tech-merch/pkg/logger/mock/Logger.go:125.12,129.19 3 0
avito-tech-merch/pkg/logger/mock/Logger.go:129.19,129.49 1 0
avito-tech-merch/pkg/logger/mock/Logger.go:131.2,131.13 1 0
avito-tech-merch/internal/controller/http/auth_controller.go:14.64,16.2 1 1
avito-tech-merch/internal/controller/http/auth_controller.go:29.53,35.53 2 1
avito-tech-merch/internal/controller/http/auth_controller.go:35.53,38.3 2 1
avito-tech-merch/internal/controller/http/auth_controller.go:40.2,41.16 2 1
avito-tech-merch/internal/controller/http/auth_controller.go:41.16,44.3 2 1
avito-tech-merch/internal/controller/http/auth_controller.go:46.2,46.57 1 1
avito-tech-merch/internal/controller/http/auth_controller.go:60.50,66.53 2 1
avito-tech-merch/internal/controller/http/auth_controller.go:66.53,69.3 2 1
avito-tech-merch/internal/controller/http/auth_controller.go:71.2,72.16 2 1
avito-tech-merch/internal/controller/http/auth_controller.go:72.16,75.3 2 1
avito-tech-merch/internal/controller/http/auth_controller.go:77.2,77.57 1 1
avito-tech-merch/internal/controller/http/controller.go:50.14,58.2 1 0
avito-tech-merch/internal/controller/http/merch_controller.go:14.66,16.2 1 1
avito-tech-merch/internal/controller/http/merch_controller.go:27.55,29.16 2 1
avito-tech-merch/internal/controller/http/merch_controller.go:29.16,32.3 2 1
avito-tech-merch/internal/controller/http/merch_controller.go:34.2,35.34 2 1
avito-tech-merch/internal/controller/http/merch_controller.go:35.34,37.3 1 1
avito-tech-merch/internal/controller/http/merch_controller.go:39.2,39.39 1 1
avito-tech-merch/internal/controller/http/purchase_controller.go:14.72,16.2 1 1
avito-tech-merch/internal/controller/http/purchase_controller.go:30.57,32.13 2 1
avito-tech-merch/internal/controller/http/purchase_controller.go:32.13,35.3 2 1
avito-tech-merch/internal/controller/http/purchase_controller.go:37.2,38.16 2 1
avito-tech-merch/internal/controller/http/purchase_controller.go:38.16,41.3 2 0
avito-tech-merch/internal/controller/http/purchase_controller.go:43.2,44.16 2 1
avito-tech-merch/internal/controller/http/purchase_controller.go:44.16,47.3 2 1
avito-tech-merch/internal/controller/http/purchase_controller.go:49.2,49.86 1 1
avito-tech-merch/internal/controller/http/transaction_controller.go:14.78,16.2 1 1
avito-tech-merch/internal/controller/http/transaction_controller.go:30.60,32.13 2 1
avito-tech-merch/internal/controller/http/transaction_controller.go:32.13,35.3 2 1
avito-tech-merch/internal/controller/http/transaction_controller.go:37.2,42.53 2 1
avito-tech-merch/internal/controller/http/transaction_controller.go:42.53,45.3 2 1
avito-tech-merch/internal/controller/http/transaction_controller.go:47.2,48.16 2 1
avito-tech-merch/internal/controller/http/transaction_controller.go:48.16,51.3 2 1
avito-tech-merch/internal/controller/http/transaction_controller.go:53.2,53.97 1 1
avito-tech-merch/internal/controller/http/user_controller.go:14.64,16.2 1 1
avito-tech-merch/internal/controller/http/user_controller.go:28.52,30.13 2 1
avito-tech-merch/internal/controller/http/user_controller.go:30.13,33.3 2 1
avito-tech-merch/internal/controller/http/user_controller.go:35.2,36.16 2 1
avito-tech-merch/internal/controller/http/user_controller.go:36.16,39.3 2 1
avito-tech-merch/internal/controller/http/user_controller.go:41.2,43.34 2 1
avito-tech-merch/internal/models/dto/merch_dto.go:14.51,20.2 1 1
avito-tech-merch/internal/models/dto/merch_dto.go:23.59,29.2 1 1
avito-tech-merch/internal/models/dto/purchase_dto.go:24.63,31.2 1 1
avito-tech-merch/internal/models/dto/purchase_dto.go:34.74,41.2 1 1
avito-tech-merch/internal/models/dto/transaction_dto.go:32.75,40.2 1 1
avito-tech-merch/internal/models/dto/transaction_dto.go:43.89,51.2 1 1
avito-tech-merch/internal/models/dto/user_dto.go:18.76,20.46 2 1
avito-tech-merch/internal/models/dto/user_dto.go:20.46,22.3 1 1
avito-tech-merch/internal/models/dto/user_dto.go:24.2,25.52 2 1
avito-tech-merch/internal/models/dto/user_dto.go:25.52,27.3 1 1
avito-tech-merch/internal/models/dto/user_dto.go:29.2,35.3 1 1
avito-tech-merch/internal/models/dto/user_dto.go:38.79,40.52 2 1
avito-tech-merch/internal/models/dto/user_dto.go:40.52,42.3 1 1
avito-tech-merch/internal/models/dto/user_dto.go:44.2,45.58 2 1
avito-tech-merch/internal/models/dto/user_dto.go:45.58,47.3 1 1
avito-tech-merch/internal/models/dto/user_dto.go:49.2,55.3 1 1
avito-tech-merch/internal/service/auth_service.go:25.133,32.2 1 1
avito-tech-merch/internal/service/auth_service.go:33.103,35.50 2 1
avito-tech-merch/internal/service/auth_service.go:35.50,41.3 2 1
avito-tech-merch/internal/service/auth_service.go:42.2,42.25 1 1
avito-tech-merch/internal/service/auth_service.go:42.25,47.3 2 1
avito-tech-merch/internal/service/auth_service.go:49.2,50.16 2 1
avito-tech-merch/internal/service/auth_service.go:50.16,56.3 2 0
avito-tech-merch/internal/service/auth_service.go:58.2,66.16 3 1
avito-tech-merch/internal/service/auth_service.go:66.16,72.3 2 1
avito-tech-merch/internal/service/auth_service.go:74.2,75.16 2 1
avito-tech-merch/internal/service/auth_service.go:75.16,81.3 2 1
avito-tech-merch/internal/service/auth_service.go:83.2,83.19 1 1
avito-tech-merch/internal/service/auth_service.go:86.100,88.16 2 1
avito-tech-merch/internal/service/auth_service.go:88.16,89.36 1 1
avito-tech-merch/internal/service/auth_service.go:89.36,94.4 2 1
avito-tech-merch/internal/service/auth_service.go:95.3,99.17 2 1
avito-tech-merch/internal/service/auth_service.go:102.2,102.54 1 1
avito-tech-merch/internal/service/auth_service.go:102.54,107.3 2 1
avito-tech-merch/internal/service/auth_service.go:109.2,110.16 2 1
avito-tech-merch/internal/service/auth_service.go:110.16,116.3 2 1
avito-tech-merch/internal/service/auth_service.go:118.2,118.19 1 1
avito-tech-merch/internal/service/auth_service.go:121.64,123.16 2 1
avito-tech-merch/internal/service/auth_service.go:123.16,124.46 1 1
avito-tech-merch/internal/service/auth_service.go:124.46,129.4 2 1
avito-tech-merch/internal/service/auth_service.go:130.3,133.40 2 1
avito-tech-merch/internal/service/auth_service.go:136.2,136.20 1 1
avito-tech-merch/internal/service/merch_service.go:15.74,17.2 1 1
avito-tech-merch/internal/service/merch_service.go:19.80,21.16 2 1
avito-tech-merch/internal/service/merch_service.go:21.16,26.3 2 1
avito-tech-merch/internal/service/merch_service.go:28.2,28.23 1 1
avito-tech-merch/internal/service/merch_service.go:30.90,32.16 2 1
avito-tech-merch/internal/service/merch_service.go:32.16,38.3 2 1
avito-tech-merch/internal/service/merch_service.go:40.2,40.19 1 1
avito-tech-merch/internal/service/purchase_service.go:17.81,19.2 1 1
avito-tech-merch/internal/service/purchase_service.go:21.98,25.16 3 1
avito-tech-merch/internal/service/purchase_service.go:25.16,31.3 2 1
avito-tech-merch/internal/service/purchase_service.go:33.2,34.16 2 1
avito-tech-merch/internal/service/purchase_service.go:34.16,40.3 2 1
avito-tech-merch/internal/service/purchase_service.go:42.2,42.27 1 1
avito-tech-merch/internal/service/purchase_service.go:42.27,49.3 2 1
avito-tech-merch/internal/service/purchase_service.go:51.2,52.16 2 1
avito-tech-merch/internal/service/purchase_service.go:52.16,59.3 2 1
avito-tech-merch/internal/service/purchase_service.go:60.2,60.15 1 1
avito-tech-merch/internal/service/purchase_service.go:60.15,61.17 1 1
avito-tech-merch/internal/service/purchase_service.go:61.17,62.69 1 1
avito-tech-merch/internal/service/purchase_service.go:62.69,68.5 1 1
avito-tech-merch/internal/service/purchase_service.go:72.2,73.69 2 1
avito-tech-merch/internal/service/purchase_service.go:73.69,80.3 2 1
avito-tech-merch/internal/service/purchase_service.go:82.2,88.63 2 1
avito-tech-merch/internal/service/purchase_service.go:88.63,95.3 2 1
avito-tech-merch/internal/service/purchase_service.go:97.2,97.48 1 1
avito-tech-merch/internal/service/purchase_service.go:97.48,104.3 2 1
avito-tech-merch/internal/service/purchase_service.go:106.2,106.12 1 1
avito-tech-merch/internal/service/service.go:53.11,61.2 1 0
avito-tech-merch/internal/service/transaction_service.go:17.86,19.2 1 1
avito-tech-merch/internal/service/transaction_service.go:21.113,22.17 1 1
avito-tech-merch/internal/service/transaction_service.go:22.17,29.3 2 1
avito-tech-merch/internal/service/transaction_service.go:31.2,31.28 1 1
avito-tech-merch/internal/service/transaction_service.go:31.28,37.3 2 1
avito-tech-merch/internal/service/transaction_service.go:39.2,41.16 3 1
avito-tech-merch/internal/service/transaction_service.go:41.16,47.3 2 1
avito-tech-merch/internal/service/transaction_service.go:49.2,49.28 1 1
avito-tech-merch/internal/service/transaction_service.go:49.28,56.3 2 1
avito-tech-merch/internal/service/transaction_service.go:58.2,59.16 2 1
avito-tech-merch/internal/service/transaction_service.go:59.16,65.3 2 1
avito-tech-merch/internal/service/transaction_service.go:67.2,68.16 2 1
avito-tech-merch/internal/service/transaction_service.go:68.16,76.3 2 1
avito-tech-merch/internal/service/transaction_service.go:77.2,77.15 1 1
avito-tech-merch/internal/service/transaction_service.go:77.15,78.17 1 1
avito-tech-merch/internal/service/transaction_service.go:78.17,79.69 1 1
avito-tech-merch/internal/service/transaction_service.go:79.69,86.5 1 1
avito-tech-merch/internal/service/transaction_service.go:90.2,91.77 2 1
avito-tech-merch/internal/service/transaction_service.go:91.77,98.3 2 1
avito-tech-merch/internal/service/transaction_service.go:100.2,101.81 2 1
avito-tech-merch/internal/service/transaction_service.go:101.81,108.3 2 1
avito-tech-merch/internal/service/transaction_service.go:110.2,117.69 2 1
avito-tech-merch/internal/service/transaction_service.go:117.69,125.3 2 1
avito-tech-merch/internal/service/transaction_service.go:127.2,127.48 1 1
avito-tech-merch/internal/service/transaction_service.go:127.48,134.3 2 1
avito-tech-merch/internal/service/transaction_service.go:136.2,136.12 1 1
avito-tech-merch/internal/service/user_service.go:15.72,17.2 1 1
avito-tech-merch/internal/service/user_service.go:19.90,21.16 2 1
avito-tech-merch/internal/service/user_service.go:21.16,27.3 2 1
avito-tech-merch/internal/service/user_service.go:29.2,30.16 2 1
avito-tech-merch/internal/service/user_service.go:30.16,36.3 2 1
avito-tech-merch/internal/service/user_service.go:38.2,39.16 2 1
avito-tech-merch/internal/service/user_service.go:39.16,45.3 2 1
avito-tech-merch/internal/service/user_service.go:47.2,55.22 2 1
avito-tech-merch/pkg/password/hash_password.go:5.52,7.16 2 1
avito-tech-merch/pkg/password/hash_password.go:7.16,9.3 1 0
avito-tech-merch/pkg/password/hash_password.go:10.2,10.36 1 1
avito-tech-merch/pkg/password/hash_password.go:13.58,16.2 2 1
